Kraken Identified Target Species:
:                Escherichia coli
         % reads taxReads  ...           rank                                            taxName  rank_index
0      100   420       10  ...        no rank                                               root          11
1    97.62   410        0  ...        no rank                                 cellular organisms          11
8    62.38   262      261  ...        species                                   Escherichia coli           9
9   0.2381     1        1  ...        no rank                           Escherichia coli O157:H7          11
16   4.524    19       15  ...  species group                    Mycobacterium tuberculosis c...           8
17  0.7143     3        3  ...        species                         Mycobacterium tuberculosis           9
18  0.2381     1        0  ...        species                             Mycobacterium canettii           9
19  0.2381     1        1  ...        no rank                        Mycobacterium canettii C...          11
20  0.2381     1        1  ...  species group                    Mycobacterium avium complex ...           8

[9 rows x 10 columns]
Kraken Identified Potential Contaminants:
ecoli_Sequence313_Lines_17823_to_17828
ecoli_Sequence192_Lines_17950_to_17955
ecoli_Sequence21_Lines_41881_to_41886
ecoli_Sequence97_Lines_42004_to_42009
ecoli_Sequence58_Lines_65529_to_65534
ecoli_Sequence18_Lines_31845_to_31850
ecoli_Sequence131_Lines_31540_to_31545
ecoli_Sequence362_Lines_17899_to_17904
ecoli_Sequence378_Lines_22407_to_22412
ecoli_Sequence187_Lines_41768_to_41773
ecoli_Sequence221_Lines_72220_to_72225
tb_Sequence12_Lines_47947_to_47952
tb_Sequence14_Lines_7432_to_7437
tb_Sequence16_Lines_9886_to_9891
tb_Sequence2_Lines_36012_to_36017
tb_Sequence9_Lines_52703_to_52708
tb_Sequence7_Lines_9567_to_9572
tb_Sequence6_Lines_31088_to_31093
tb_Sequence20_Lines_1775_to_1780
tb_Sequence11_Lines_54652_to_54657
tb_Sequence4_Lines_49269_to_49274
tb_Sequence3_Lines_32727_to_32732
tb_Sequence19_Lines_32956_to_32961
tb_Sequence18_Lines_31654_to_31659
tb_Sequence17_Lines_16830_to_16835
tb_Sequence15_Lines_10977_to_10982
tb_Sequence1_Lines_46414_to_46419
tb_Sequence10_Lines_31622_to_31627
tb_Sequence5_Lines_38916_to_38921
tb_Sequence8_Lines_45232_to_45237
tb_Sequence13_Lines_8626_to_8631

PhylOligo Identified Potential Contaminants:
ecoli_Sequence334_Lines_4602_to_4607
ecoli_Sequence44_Lines_23884_to_23889
ecoli_Sequence103_Lines_65657_to_65662
ecoli_Sequence73_Lines_19605_to_19610
ecoli_Sequence192_Lines_17950_to_17955
ecoli_Sequence21_Lines_41881_to_41886
ecoli_Sequence270_Lines_30054_to_30059
ecoli_Sequence173_Lines_20328_to_20333
ecoli_Sequence34_Lines_28449_to_28454
ecoli_Sequence246_Lines_16660_to_16665
ecoli_Sequence1_Lines_52234_to_52239
ecoli_Sequence33_Lines_49983_to_49988
ecoli_Sequence171_Lines_62382_to_62387
ecoli_Sequence45_Lines_23179_to_23184
ecoli_Sequence86_Lines_23183_to_23188
ecoli_Sequence304_Lines_61890_to_61895
ecoli_Sequence130_Lines_67002_to_67007
ecoli_Sequence293_Lines_351_to_356
ecoli_Sequence82_Lines_69646_to_69651
ecoli_Sequence378_Lines_22407_to_22412
ecoli_Sequence377_Lines_5736_to_5741
ecoli_Sequence253_Lines_12303_to_12308
ecoli_Sequence51_Lines_65785_to_65790
ecoli_Sequence283_Lines_19364_to_19369
ecoli_Sequence330_Lines_49679_to_49684
ecoli_Sequence9_Lines_76572_to_76577
ecoli_Sequence79_Lines_19853_to_19858
ecoli_Sequence318_Lines_22641_to_22646
ecoli_Sequence369_Lines_29301_to_29306
ecoli_Sequence162_Lines_69692_to_69697
ecoli_Sequence233_Lines_41941_to_41946
ecoli_Sequence381_Lines_39700_to_39705
ecoli_Sequence133_Lines_29195_to_29200
ecoli_Sequence376_Lines_63690_to_63695
ecoli_Sequence282_Lines_25170_to_25175
ecoli_Sequence123_Lines_67200_to_67205
ecoli_Sequence199_Lines_64441_to_64446

Common Contaminants (High Confidence):
ecoli_Sequence192_Lines_17950_to_17955
ecoli_Sequence21_Lines_41881_to_41886
ecoli_Sequence378_Lines_22407_to_22412

Contaminant Sequence Count Analysis:
PhylOligo contaminant count: 37
Kraken contaminant count: 31

Probability Estimation:
P(PhylOligo|Kraken): 0.0967741935483871
P(Kraken|PhylOligo): 0.08108108108108109

Chi-Square Test for Statistical Significance:
Chi-square test p-value: 0.5270735169150615

Confidence Intervals for Probability Estimations:
Confidence interval for P(PhylOligo|Kraken): (nan, nan)
Confidence interval for P(Kraken|PhylOligo): (nan, nan)
