Kraken Identified Target Species:
:                  Mycobacterium tuberculosis complex
         % reads taxReads  ...           rank                                            taxName  rank_index
0   0.6579     2        2  ...        no rank                                       unclassified          11
1    99.34   302        0  ...        no rank                                               root          11
2    99.34   302        0  ...        no rank                                 cellular organisms          11
10   97.37   296      276  ...  species group                    Mycobacterium tuberculosis c...           8
11   5.921    18       17  ...        species                         Mycobacterium tuberculosis           9
12  0.3289     1        1  ...        no rank                        Mycobacterium tuberculos...          11
13  0.6579     2        1  ...        species                             Mycobacterium canettii           9
14  0.3289     1        1  ...        no rank                        Mycobacterium canettii C...          11
20  0.9868     3        3  ...        species                                   Escherichia coli           9

[9 rows x 10 columns]
Kraken Identified Potential Contaminants:
tb_Sequence117_Lines_4831_to_4836
tb_Sequence236_Lines_28438_to_28443
tb_Sequence19_Lines_57965_to_57970
tb_Sequence144_Lines_28104_to_28109
tb_Sequence257_Lines_32097_to_32102
tb_Sequence255_Lines_44548_to_44553
tb_Sequence127_Lines_36333_to_36338
tb_Sequence97_Lines_22866_to_22871
tb_Sequence98_Lines_61743_to_61748
tb_Sequence28_Lines_33386_to_33391
tb_Sequence173_Lines_29961_to_29966
tb_Sequence56_Lines_5248_to_5253
tb_Sequence120_Lines_57984_to_57989
tb_Sequence152_Lines_58651_to_58656
tb_Sequence220_Lines_14865_to_14870
tb_Sequence238_Lines_11405_to_11410
tb_Sequence288_Lines_32040_to_32045
tb_Sequence160_Lines_55801_to_55806
tb_Sequence43_Lines_20622_to_20627
tb_Sequence185_Lines_13768_to_13773
tb_Sequence197_Lines_55021_to_55026
tb_Sequence177_Lines_59175_to_59180
ecoli_Sequence4_Lines_1053_to_1058
ecoli_Sequence3_Lines_66247_to_66252
ecoli_Sequence2_Lines_33068_to_33073

PhylOligo Identified Potential Contaminants:
tb_Sequence117_Lines_4831_to_4836
tb_Sequence236_Lines_28438_to_28443

Common Contaminants (High Confidence):
tb_Sequence236_Lines_28438_to_28443
tb_Sequence117_Lines_4831_to_4836

Contaminant Sequence Count Analysis:
PhylOligo contaminant count: 2
Kraken contaminant count: 25

Probability Estimation:
P(PhylOligo|Kraken): 0.08
P(Kraken|PhylOligo): 1.0

Chi-Square Test for Statistical Significance:
Chi-square test p-value: 1.4832386800490214e-05

Confidence Intervals for Probability Estimations:
Confidence interval for P(PhylOligo|Kraken): (nan, nan)
Confidence interval for P(Kraken|PhylOligo): (nan, nan)
