Kraken Identified Target Species:
:                  Mycobacterium tuberculosis complex
         % reads taxReads  ...           rank                                            taxName  rank_index
0   0.3968     2        2  ...        no rank                                       unclassified          11
1     99.6   502        0  ...        no rank                                               root          11
2     99.6   502        0  ...        no rank                                 cellular organisms          11
10   98.21   495      450  ...  species group                    Mycobacterium tuberculosis c...           8
11   7.738    39       38  ...        species                         Mycobacterium tuberculosis           9
12  0.1984     1        1  ...        no rank                        Mycobacterium tuberculos...          11
13    1.19     6        3  ...        species                             Mycobacterium canettii           9
14  0.3968     2        2  ...        no rank                        Mycobacterium canettii C...          11
15  0.1984     1        1  ...        no rank                        Mycobacterium canettii C...          11
16  0.1984     1        1  ...  species group                    Mycobacterium avium complex ...           8
22  0.7937     4        4  ...        species                                   Escherichia coli           9

[11 rows x 10 columns]
Kraken Identified Potential Contaminants:
tb_Sequence221_Lines_25425_to_25430
tb_Sequence63_Lines_25447_to_25452
tb_Sequence148_Lines_37242_to_37247
tb_Sequence31_Lines_34024_to_34029
tb_Sequence91_Lines_7545_to_7550
tb_Sequence251_Lines_30321_to_30326
tb_Sequence399_Lines_1451_to_1456
tb_Sequence83_Lines_10357_to_10362
tb_Sequence121_Lines_49972_to_49977
tb_Sequence33_Lines_48138_to_48143
tb_Sequence299_Lines_61662_to_61667
tb_Sequence478_Lines_10306_to_10311
tb_Sequence313_Lines_39799_to_39804
tb_Sequence349_Lines_30618_to_30623
tb_Sequence466_Lines_47150_to_47155
tb_Sequence82_Lines_42248_to_42253
tb_Sequence479_Lines_29288_to_29293
tb_Sequence232_Lines_34735_to_34740
tb_Sequence247_Lines_11425_to_11430
tb_Sequence156_Lines_29008_to_29013
tb_Sequence374_Lines_15836_to_15841
tb_Sequence269_Lines_8075_to_8080
tb_Sequence150_Lines_32771_to_32776
tb_Sequence268_Lines_5212_to_5217
tb_Sequence101_Lines_522_to_527
tb_Sequence220_Lines_1499_to_1504
tb_Sequence111_Lines_60775_to_60780
tb_Sequence3_Lines_54232_to_54237
tb_Sequence34_Lines_62402_to_62407
tb_Sequence75_Lines_22470_to_22475
tb_Sequence436_Lines_53729_to_53734
tb_Sequence317_Lines_22024_to_22029
tb_Sequence103_Lines_15381_to_15386
tb_Sequence355_Lines_37217_to_37222
tb_Sequence337_Lines_22951_to_22956
tb_Sequence416_Lines_42444_to_42449
tb_Sequence241_Lines_39160_to_39165
tb_Sequence137_Lines_392_to_397
tb_Sequence314_Lines_22469_to_22474
tb_Sequence153_Lines_42548_to_42553
tb_Sequence131_Lines_47017_to_47022
tb_Sequence126_Lines_35795_to_35800
tb_Sequence182_Lines_8789_to_8794
tb_Sequence470_Lines_14376_to_14381
tb_Sequence133_Lines_46070_to_46075
tb_Sequence147_Lines_43312_to_43317
tb_Sequence411_Lines_43819_to_43824
tb_Sequence207_Lines_7828_to_7833
ecoli_Sequence3_Lines_32078_to_32083
ecoli_Sequence1_Lines_44426_to_44431
ecoli_Sequence4_Lines_68143_to_68148
ecoli_Sequence2_Lines_74761_to_74766

PhylOligo Identified Potential Contaminants:
tb_Sequence221_Lines_25425_to_25430
tb_Sequence63_Lines_25447_to_25452
tb_Sequence332_Lines_1137_to_1142

Common Contaminants (High Confidence):
tb_Sequence221_Lines_25425_to_25430
tb_Sequence63_Lines_25447_to_25452

Contaminant Sequence Count Analysis:
PhylOligo contaminant count: 3
Kraken contaminant count: 52

Probability Estimation:
P(PhylOligo|Kraken): 0.038461538461538464
P(Kraken|PhylOligo): 0.6666666666666666

Chi-Square Test for Statistical Significance:
Chi-square test p-value: 2.804902641068506e-11

Confidence Intervals for Probability Estimations:
Confidence interval for P(PhylOligo|Kraken): (nan, nan)
Confidence interval for P(Kraken|PhylOligo): (nan, nan)
